android/app/build/intermediates/manifest_merge_blame_file/debug/processDebugMainManifest/manifest-merger-blame-debug-report.txt
1<?xml version="1.0" encoding="utf-8"?>
2<manifest xmlns:android="http://schemas.android.com/apk/res/android"
3    package="com.anonymous.Namzoed"
4    android:versionCode="1"
5    android:versionName="1.0.0" >
6
7    <uses-sdk
8        android:minSdkVersion="24"
9        android:targetSdkVersion="36" />
10
11    <uses-permission android:name="android.permission.SYSTEM_ALERT_WINDOW" />
11-->src\main\AndroidManifest.xml:9:3-75
11-->src\main\AndroidManifest.xml:9:20-73
12    <uses-permission android:name="android.permission.ACCESS_COARSE_LOCATION" />
12-->src\main\AndroidManifest.xml:2:3-78
12-->src\main\AndroidManifest.xml:2:20-76
13    <uses-permission android:name="android.permission.ACCESS_FINE_LOCATION" />
13-->src\main\AndroidManifest.xml:3:3-76
13-->src\main\AndroidManifest.xml:3:20-74
14    <uses-permission android:name="android.permission.CAMERA" />
14-->src\main\AndroidManifest.xml:4:3-62
14-->src\main\AndroidManifest.xml:4:20-60
15    <uses-permission android:name="android.permission.INTERNET" />
15-->src\main\AndroidManifest.xml:5:3-64
15-->src\main\AndroidManifest.xml:5:20-62
16    <uses-permission android:name="android.permission.MODIFY_AUDIO_SETTINGS" />
16-->src\main\AndroidManifest.xml:6:3-77
16-->src\main\AndroidManifest.xml:6:20-75
17    <uses-permission
17-->src\main\AndroidManifest.xml:7:3-77
18        android:name="android.permission.READ_EXTERNAL_STORAGE"
18-->src\main\AndroidManifest.xml:7:20-75
19        android:maxSdkVersion="32" />
19-->[BareExpo:expo.modules.image:3.0.8] AndroidManifest.xml:17:9-35
20    <uses-permission android:name="android.permission.RECORD_AUDIO" />
20-->src\main\AndroidManifest.xml:8:3-68
20-->src\main\AndroidManifest.xml:8:20-66
21    <uses-permission android:name="android.permission.VIBRATE" />
21-->src\main\AndroidManifest.xml:10:3-63
21-->src\main\AndroidManifest.xml:10:20-61
22    <uses-permission android:name="android.permission.WRITE_EXTERNAL_STORAGE" />
22-->src\main\AndroidManifest.xml:11:3-78
22-->src\main\AndroidManifest.xml:11:20-76
23
24    <queries>
24-->src\main\AndroidManifest.xml:12:3-18:13
25        <intent>
25-->src\main\AndroidManifest.xml:13:5-17:14
26            <action android:name="android.intent.action.VIEW" />
26-->src\main\AndroidManifest.xml:14:7-58
26-->src\main\AndroidManifest.xml:14:15-56
27
28            <category android:name="android.intent.category.BROWSABLE" />
28-->src\main\AndroidManifest.xml:15:7-67
28-->src\main\AndroidManifest.xml:15:17-65
29
30            <data android:scheme="https" />
30-->src\main\AndroidManifest.xml:16:7-37
30-->src\main\AndroidManifest.xml:16:13-35
31        </intent>
32        <intent>
32-->[:react-native-webview] AndroidManifest.xml:8:9-10:18
33            <action android:name="org.chromium.intent.action.PAY" />
33-->[:react-native-webview] AndroidManifest.xml:9:13-69
33-->[:react-native-webview] AndroidManifest.xml:9:21-66
34        </intent>
35        <intent>
35-->[:react-native-webview] AndroidManifest.xml:11:9-13:18
36            <action android:name="org.chromium.intent.action.IS_READY_TO_PAY" />
36-->[:react-native-webview] AndroidManifest.xml:12:13-81
36-->[:react-native-webview] AndroidManifest.xml:12:21-78
37        </intent>
38        <intent>
38-->[:react-native-webview] AndroidManifest.xml:14:9-16:18
39            <action android:name="org.chromium.intent.action.UPDATE_PAYMENT_DETAILS" />
39-->[:react-native-webview] AndroidManifest.xml:15:13-88
39-->[:react-native-webview] AndroidManifest.xml:15:21-85
40        </intent>
41
42        <package android:name="host.exp.exponent" />
42-->[:expo-dev-launcher] AndroidManifest.xml:8:9-53
42-->[:expo-dev-launcher] AndroidManifest.xml:8:18-50
43
44        <intent>
44-->[host.exp.exponent:expo.modules.webbrowser:15.0.7] AndroidManifest.xml:8:9-12:18
45
46            <!-- Required for opening tabs if targeting API 30 -->
47            <action android:name="android.support.customtabs.action.CustomTabsService" />
47-->[host.exp.exponent:expo.modules.webbrowser:15.0.7] AndroidManifest.xml:11:13-90
47-->[host.exp.exponent:expo.modules.webbrowser:15.0.7] AndroidManifest.xml:11:21-87
48        </intent>
49        <intent>
49-->[host.exp.exponent:expo.modules.imagepicker:17.0.8] AndroidManifest.xml:15:9-19:18
50
51            <!-- Required for picking images from the camera roll if targeting API 30 -->
52            <action android:name="android.media.action.IMAGE_CAPTURE" />
52-->[host.exp.exponent:expo.modules.imagepicker:17.0.8] AndroidManifest.xml:18:13-73
52-->[host.exp.exponent:expo.modules.imagepicker:17.0.8] AndroidManifest.xml:18:21-70
53        </intent>
54        <intent>
54-->[host.exp.exponent:expo.modules.imagepicker:17.0.8] AndroidManifest.xml:20:9-24:18
55
56            <!-- Required for picking images from the camera if targeting API 30 -->
57            <action android:name="android.media.action.ACTION_VIDEO_CAPTURE" />
57-->[host.exp.exponent:expo.modules.imagepicker:17.0.8] AndroidManifest.xml:23:13-80
57-->[host.exp.exponent:expo.modules.imagepicker:17.0.8] AndroidManifest.xml:23:21-77
58        </intent>
59        <intent>
59-->[androidx.camera:camera-extensions:1.5.0-rc01] AndroidManifest.xml:23:9-25:18
60            <action android:name="androidx.camera.extensions.action.VENDOR_ACTION" />
60-->[androidx.camera:camera-extensions:1.5.0-rc01] AndroidManifest.xml:24:13-86
60-->[androidx.camera:camera-extensions:1.5.0-rc01] AndroidManifest.xml:24:21-83
61        </intent>
62        <intent>
62-->[com.vanniktech:android-image-cropper:4.6.0] AndroidManifest.xml:8:9-14:18
63            <action android:name="android.intent.action.GET_CONTENT" />
63-->[com.vanniktech:android-image-cropper:4.6.0] AndroidManifest.xml:9:13-72
63-->[com.vanniktech:android-image-cropper:4.6.0] AndroidManifest.xml:9:21-69
64
65            <category android:name="android.intent.category.OPENABLE" />
65-->[com.vanniktech:android-image-cropper:4.6.0] AndroidManifest.xml:11:13-73
65-->[com.vanniktech:android-image-cropper:4.6.0] AndroidManifest.xml:11:23-70
66
67            <data android:mimeType="*/*" />
67-->src\main\AndroidManifest.xml:16:7-37
68        </intent> <!-- Query open documents -->
69        <intent>
69-->[host.exp.exponent:expo.modules.filesystem:19.0.17] AndroidManifest.xml:15:9-17:18
70            <action android:name="android.intent.action.OPEN_DOCUMENT_TREE" />
70-->[host.exp.exponent:expo.modules.filesystem:19.0.17] AndroidManifest.xml:16:13-79
70-->[host.exp.exponent:expo.modules.filesystem:19.0.17] AndroidManifest.xml:16:21-76
71        </intent>
72    </queries>
73
74    <uses-permission android:name="android.permission.ACCESS_NETWORK_STATE" />
74-->[:react-native-community_netinfo] AndroidManifest.xml:7:5-79
74-->[:react-native-community_netinfo] AndroidManifest.xml:7:22-76
75    <uses-permission android:name="android.permission.ACCESS_WIFI_STATE" />
75-->[:react-native-community_netinfo] AndroidManifest.xml:8:5-76
75-->[:react-native-community_netinfo] AndroidManifest.xml:8:22-73
76    <uses-permission android:name="android.permission.FOREGROUND_SERVICE" />
76-->[host.exp.exponent:expo.modules.video:3.0.11] AndroidManifest.xml:8:5-77
76-->[host.exp.exponent:expo.modules.video:3.0.11] AndroidManifest.xml:8:22-74
77    <uses-permission android:name="android.permission.FOREGROUND_SERVICE_MEDIA_PLAYBACK" />
77-->[host.exp.exponent:expo.modules.video:3.0.11] AndroidManifest.xml:9:5-92
77-->[host.exp.exponent:expo.modules.video:3.0.11] AndroidManifest.xml:9:22-89
78
79    <permission
79-->[androidx.core:core:1.16.0] AndroidManifest.xml:22:5-24:47
80        android:name="com.anonymous.Namzoed.DYNAMIC_RECEIVER_NOT_EXPORTED_PERMISSION"
80-->[androidx.core:core:1.16.0] AndroidManifest.xml:23:9-81
81        android:protectionLevel="signature" />
81-->[androidx.core:core:1.16.0] AndroidManifest.xml:24:9-44
82
83    <uses-permission android:name="com.anonymous.Namzoed.DYNAMIC_RECEIVER_NOT_EXPORTED_PERMISSION" />
83-->[androidx.core:core:1.16.0] AndroidManifest.xml:26:5-97
83-->[androidx.core:core:1.16.0] AndroidManifest.xml:26:22-94
84
85    <application
85-->src\main\AndroidManifest.xml:19:3-36:17
86        android:name="com.anonymous.Namzoed.MainApplication"
86-->src\main\AndroidManifest.xml:19:16-47
87        android:allowBackup="true"
87-->src\main\AndroidManifest.xml:19:162-188
88        android:appComponentFactory="androidx.core.app.CoreComponentFactory"
88-->[androidx.core:core:1.16.0] AndroidManifest.xml:28:18-86
89        android:debuggable="true"
90        android:enableOnBackInvokedCallback="false"
90-->src\main\AndroidManifest.xml:19:248-291
91        android:extractNativeLibs="false"
92        android:icon="@mipmap/ic_launcher"
92-->src\main\AndroidManifest.xml:19:81-115
93        android:label="@string/app_name"
93-->src\main\AndroidManifest.xml:19:48-80
94        android:roundIcon="@mipmap/ic_launcher_round"
94-->src\main\AndroidManifest.xml:19:116-161
95        android:supportsRtl="true"
95-->src\main\AndroidManifest.xml:19:221-247
96        android:theme="@style/AppTheme"
96-->src\main\AndroidManifest.xml:19:189-220
97        android:usesCleartextTraffic="true" >
97-->src\debug\AndroidManifest.xml:6:18-53
98        <meta-data
98-->src\main\AndroidManifest.xml:20:5-83
99            android:name="expo.modules.updates.ENABLED"
99-->src\main\AndroidManifest.xml:20:16-59
100            android:value="false" />
100-->src\main\AndroidManifest.xml:20:60-81
101        <meta-data
101-->src\main\AndroidManifest.xml:21:5-105
102            android:name="expo.modules.updates.EXPO_UPDATES_CHECK_ON_LAUNCH"
102-->src\main\AndroidManifest.xml:21:16-80
103            android:value="ALWAYS" />
103-->src\main\AndroidManifest.xml:21:81-103
104        <meta-data
104-->src\main\AndroidManifest.xml:22:5-99
105            android:name="expo.modules.updates.EXPO_UPDATES_LAUNCH_WAIT_MS"
105-->src\main\AndroidManifest.xml:22:16-79
106            android:value="0" />
106-->src\main\AndroidManifest.xml:22:80-97
107
108        <activity
108-->src\main\AndroidManifest.xml:23:5-35:16
109            android:name="com.anonymous.Namzoed.MainActivity"
109-->src\main\AndroidManifest.xml:23:15-43
110            android:configChanges="keyboard|keyboardHidden|orientation|screenSize|screenLayout|uiMode"
110-->src\main\AndroidManifest.xml:23:44-134
111            android:exported="true"
111-->src\main\AndroidManifest.xml:23:256-279
112            android:launchMode="singleTask"
112-->src\main\AndroidManifest.xml:23:135-166
113            android:screenOrientation="portrait"
113-->src\main\AndroidManifest.xml:23:280-316
114            android:theme="@style/Theme.App.SplashScreen"
114-->src\main\AndroidManifest.xml:23:210-255
115            android:windowSoftInputMode="adjustResize" >
115-->src\main\AndroidManifest.xml:23:167-209
116            <intent-filter>
116-->src\main\AndroidManifest.xml:24:7-27:23
117                <action android:name="android.intent.action.MAIN" />
117-->src\main\AndroidManifest.xml:25:9-60
117-->src\main\AndroidManifest.xml:25:17-58
118
119                <category android:name="android.intent.category.LAUNCHER" />
119-->src\main\AndroidManifest.xml:26:9-68
119-->src\main\AndroidManifest.xml:26:19-66
120            </intent-filter>
121            <intent-filter>
121-->src\main\AndroidManifest.xml:28:7-34:23
122                <action android:name="android.intent.action.VIEW" />
122-->src\main\AndroidManifest.xml:14:7-58
122-->src\main\AndroidManifest.xml:14:15-56
123
124                <category android:name="android.intent.category.DEFAULT" />
124-->src\main\AndroidManifest.xml:30:9-67
124-->src\main\AndroidManifest.xml:30:19-65
125                <category android:name="android.intent.category.BROWSABLE" />
125-->src\main\AndroidManifest.xml:15:7-67
125-->src\main\AndroidManifest.xml:15:17-65
126
127                <data android:scheme="namzoed" />
127-->src\main\AndroidManifest.xml:16:7-37
127-->src\main\AndroidManifest.xml:16:13-35
128                <data android:scheme="exp+namzoed" />
128-->src\main\AndroidManifest.xml:16:7-37
128-->src\main\AndroidManifest.xml:16:13-35
129            </intent-filter>
130        </activity>
131
132        <service
132-->[:stream-io_react-native-webrtc] AndroidManifest.xml:9:9-12:19
133            android:name="com.oney.WebRTCModule.MediaProjectionService"
133-->[:stream-io_react-native-webrtc] AndroidManifest.xml:10:13-72
134            android:foregroundServiceType="mediaProjection" >
134-->[:stream-io_react-native-webrtc] AndroidManifest.xml:11:13-60
135        </service>
136
137        <provider
137-->[:react-native-webview] AndroidManifest.xml:20:9-28:20
138            android:name="com.reactnativecommunity.webview.RNCWebViewFileProvider"
138-->[:react-native-webview] AndroidManifest.xml:21:13-83
139            android:authorities="com.anonymous.Namzoed.fileprovider"
139-->[:react-native-webview] AndroidManifest.xml:22:13-64
140            android:exported="false"
140-->[:react-native-webview] AndroidManifest.xml:23:13-37
141            android:grantUriPermissions="true" >
141-->[:react-native-webview] AndroidManifest.xml:24:13-47
142            <meta-data
142-->[:react-native-webview] AndroidManifest.xml:25:13-27:63
143                android:name="android.support.FILE_PROVIDER_PATHS"
143-->[:react-native-webview] AndroidManifest.xml:26:17-67
144                android:resource="@xml/file_provider_paths" />
144-->[:react-native-webview] AndroidManifest.xml:27:17-60
145        </provider>
146
147        <activity
147-->[:expo-dev-launcher] AndroidManifest.xml:12:9-16:75
148            android:name="expo.modules.devlauncher.launcher.DevLauncherActivity"
148-->[:expo-dev-launcher] AndroidManifest.xml:13:13-81
149            android:exported="true"
149-->[:expo-dev-launcher] AndroidManifest.xml:14:13-36
150            android:launchMode="singleTask"
150-->[:expo-dev-launcher] AndroidManifest.xml:15:13-44
151            android:theme="@style/Theme.AppCompat.DayNight.NoActionBar" />
151-->[:expo-dev-launcher] AndroidManifest.xml:16:13-72
152        <activity
152-->[:expo-dev-launcher] AndroidManifest.xml:17:9-30:20
153            android:name="expo.modules.devlauncher.compose.AuthActivity"
153-->[:expo-dev-launcher] AndroidManifest.xml:18:13-73
154            android:exported="true"
154-->[:expo-dev-launcher] AndroidManifest.xml:19:13-36
155            android:launchMode="singleTask"
155-->[:expo-dev-launcher] AndroidManifest.xml:20:13-44
156            android:theme="@style/Theme.AppCompat.DayNight.NoActionBar" >
156-->[:expo-dev-launcher] AndroidManifest.xml:21:13-72
157            <intent-filter>
157-->[:expo-dev-launcher] AndroidManifest.xml:22:13-29:29
158                <action android:name="android.intent.action.VIEW" />
158-->src\main\AndroidManifest.xml:14:7-58
158-->src\main\AndroidManifest.xml:14:15-56
159
160                <category android:name="android.intent.category.DEFAULT" />
160-->src\main\AndroidManifest.xml:30:9-67
160-->src\main\AndroidManifest.xml:30:19-65
161                <category android:name="android.intent.category.BROWSABLE" />
161-->src\main\AndroidManifest.xml:15:7-67
161-->src\main\AndroidManifest.xml:15:17-65
162
163                <data android:scheme="expo-dev-launcher" />
163-->src\main\AndroidManifest.xml:16:7-37
163-->src\main\AndroidManifest.xml:16:13-35
164            </intent-filter>
165        </activity>
166        <activity
166-->[:expo-dev-launcher] AndroidManifest.xml:31:9-34:70
167            android:name="expo.modules.devlauncher.launcher.errors.DevLauncherErrorActivity"
167-->[:expo-dev-launcher] AndroidManifest.xml:32:13-93
168            android:screenOrientation="portrait"
168-->[:expo-dev-launcher] AndroidManifest.xml:33:13-49
169            android:theme="@style/Theme.DevLauncher.ErrorActivity" />
169-->[:expo-dev-launcher] AndroidManifest.xml:34:13-67
170
171        <meta-data
171-->[:expo-dev-launcher] AndroidManifest.xml:36:9-38:42
172            android:name="com.google.mlkit.vision.DEPENDENCIES"
172-->[:expo-dev-launcher] AndroidManifest.xml:37:13-64
173            android:value="barcode_ui" />
173-->[:expo-dev-launcher] AndroidManifest.xml:38:13-39
174        <meta-data
174-->[:expo-modules-core] AndroidManifest.xml:9:9-11:89
175            android:name="org.unimodules.core.AppLoader#react-native-headless"
175-->[:expo-modules-core] AndroidManifest.xml:10:13-79
176            android:value="expo.modules.adapters.react.apploader.RNHeadlessAppLoader" />
176-->[:expo-modules-core] AndroidManifest.xml:11:13-86
177        <meta-data
177-->[:expo-modules-core] AndroidManifest.xml:12:9-15:45
178            android:name="com.facebook.soloader.enabled"
178-->[:expo-modules-core] AndroidManifest.xml:13:13-57
179            android:value="true" />
179-->[:expo-modules-core] AndroidManifest.xml:14:13-33
180
181        <activity
181-->[host.exp.exponent:expo.modules.video:3.0.11] AndroidManifest.xml:12:9-16:49
182            android:name="expo.modules.video.FullscreenPlayerActivity"
182-->[host.exp.exponent:expo.modules.video:3.0.11] AndroidManifest.xml:13:13-71
183            android:configChanges="screenSize|smallestScreenSize|screenLayout|orientation|navigation"
183-->[host.exp.exponent:expo.modules.video:3.0.11] AndroidManifest.xml:14:13-102
184            android:supportsPictureInPicture="true"
184-->[host.exp.exponent:expo.modules.video:3.0.11] AndroidManifest.xml:15:13-52
185            android:theme="@style/Fullscreen" />
185-->[host.exp.exponent:expo.modules.video:3.0.11] AndroidManifest.xml:16:13-46
186        <activity
186-->[com.facebook.react:react-android:0.81.4] AndroidManifest.xml:19:9-21:40
187            android:name="com.facebook.react.devsupport.DevSettingsActivity"
187-->[com.facebook.react:react-android:0.81.4] AndroidManifest.xml:20:13-77
188            android:exported="false" />
188-->[com.facebook.react:react-android:0.81.4] AndroidManifest.xml:21:13-37
189
190        <service
190-->[host.exp.exponent:expo.modules.imagepicker:17.0.8] AndroidManifest.xml:28:9-40:19
191            android:name="com.google.android.gms.metadata.ModuleDependencies"
191-->[host.exp.exponent:expo.modules.imagepicker:17.0.8] AndroidManifest.xml:29:13-78
192            android:enabled="false"
192-->[host.exp.exponent:expo.modules.imagepicker:17.0.8] AndroidManifest.xml:30:13-36
193            android:exported="false" >
193-->[host.exp.exponent:expo.modules.imagepicker:17.0.8] AndroidManifest.xml:31:13-37
194            <intent-filter>
194-->[host.exp.exponent:expo.modules.imagepicker:17.0.8] AndroidManifest.xml:33:13-35:29
195                <action android:name="com.google.android.gms.metadata.MODULE_DEPENDENCIES" />
195-->[host.exp.exponent:expo.modules.imagepicker:17.0.8] AndroidManifest.xml:34:17-94
195-->[host.exp.exponent:expo.modules.imagepicker:17.0.8] AndroidManifest.xml:34:25-91
196            </intent-filter>
197
198            <meta-data
198-->[host.exp.exponent:expo.modules.imagepicker:17.0.8] AndroidManifest.xml:37:13-39:36
199                android:name="photopicker_activity:0:required"
199-->[host.exp.exponent:expo.modules.imagepicker:17.0.8] AndroidManifest.xml:38:17-63
200                android:value="" />
200-->[host.exp.exponent:expo.modules.imagepicker:17.0.8] AndroidManifest.xml:39:17-33
201        </service>
202
203        <activity
203-->[host.exp.exponent:expo.modules.imagepicker:17.0.8] AndroidManifest.xml:42:9-46:48
204            android:name="expo.modules.imagepicker.ExpoCropImageActivity"
204-->[host.exp.exponent:expo.modules.imagepicker:17.0.8] AndroidManifest.xml:43:13-74
205            android:exported="false"
205-->[host.exp.exponent:expo.modules.imagepicker:17.0.8] AndroidManifest.xml:44:13-37
206            android:theme="@style/Base.Theme.AppCompat" /> <!-- https://developer.android.com/guide/topics/manifest/provider-element.html -->
206-->[host.exp.exponent:expo.modules.imagepicker:17.0.8] AndroidManifest.xml:45:13-56
207        <provider
207-->[host.exp.exponent:expo.modules.imagepicker:17.0.8] AndroidManifest.xml:48:9-56:20
208            android:name="expo.modules.imagepicker.fileprovider.ImagePickerFileProvider"
208-->[host.exp.exponent:expo.modules.imagepicker:17.0.8] AndroidManifest.xml:49:13-89
209            android:authorities="com.anonymous.Namzoed.ImagePickerFileProvider"
209-->[host.exp.exponent:expo.modules.imagepicker:17.0.8] AndroidManifest.xml:50:13-75
210            android:exported="false"
210-->[host.exp.exponent:expo.modules.imagepicker:17.0.8] AndroidManifest.xml:51:13-37
211            android:grantUriPermissions="true" >
211-->[host.exp.exponent:expo.modules.imagepicker:17.0.8] AndroidManifest.xml:52:13-47
212            <meta-data
212-->[:react-native-webview] AndroidManifest.xml:25:13-27:63
213                android:name="android.support.FILE_PROVIDER_PATHS"
213-->[:react-native-webview] AndroidManifest.xml:26:17-67
214                android:resource="@xml/image_picker_provider_paths" />
214-->[:react-native-webview] AndroidManifest.xml:27:17-60
215        </provider>
216
217        <uses-library
217-->[androidx.camera:camera-extensions:1.5.0-rc01] AndroidManifest.xml:29:9-31:40
218            android:name="androidx.camera.extensions.impl"
218-->[androidx.camera:camera-extensions:1.5.0-rc01] AndroidManifest.xml:30:13-59
219            android:required="false" />
219-->[androidx.camera:camera-extensions:1.5.0-rc01] AndroidManifest.xml:31:13-37
220
221        <service
221-->[androidx.camera:camera-camera2:1.5.0-rc01] AndroidManifest.xml:24:9-33:19
222            android:name="androidx.camera.core.impl.MetadataHolderService"
222-->[androidx.camera:camera-camera2:1.5.0-rc01] AndroidManifest.xml:25:13-75
223            android:enabled="false"
223-->[androidx.camera:camera-camera2:1.5.0-rc01] AndroidManifest.xml:26:13-36
224            android:exported="false" >
224-->[androidx.camera:camera-camera2:1.5.0-rc01] AndroidManifest.xml:27:13-37
225            <meta-data
225-->[androidx.camera:camera-camera2:1.5.0-rc01] AndroidManifest.xml:30:13-32:89
226                android:name="androidx.camera.core.impl.MetadataHolderService.DEFAULT_CONFIG_PROVIDER"
226-->[androidx.camera:camera-camera2:1.5.0-rc01] AndroidManifest.xml:31:17-103
227                android:value="androidx.camera.camera2.Camera2Config$DefaultProvider" />
227-->[androidx.camera:camera-camera2:1.5.0-rc01] AndroidManifest.xml:32:17-86
228        </service>
229
230        <provider
230-->[com.vanniktech:android-image-cropper:4.6.0] AndroidManifest.xml:21:9-29:20
231            android:name="com.canhub.cropper.CropFileProvider"
231-->[com.vanniktech:android-image-cropper:4.6.0] AndroidManifest.xml:22:13-63
232            android:authorities="com.anonymous.Namzoed.cropper.fileprovider"
232-->[com.vanniktech:android-image-cropper:4.6.0] AndroidManifest.xml:23:13-72
233            android:exported="false"
233-->[com.vanniktech:android-image-cropper:4.6.0] AndroidManifest.xml:24:13-37
234            android:grantUriPermissions="true" >
234-->[com.vanniktech:android-image-cropper:4.6.0] AndroidManifest.xml:25:13-47
235            <meta-data
235-->[:react-native-webview] AndroidManifest.xml:25:13-27:63
236                android:name="android.support.FILE_PROVIDER_PATHS"
236-->[:react-native-webview] AndroidManifest.xml:26:17-67
237                android:resource="@xml/library_file_paths" />
237-->[:react-native-webview] AndroidManifest.xml:27:17-60
238        </provider>
239
240        <activity
240-->[com.vanniktech:android-image-cropper:4.6.0] AndroidManifest.xml:31:9-33:39
241            android:name="com.canhub.cropper.CropImageActivity"
241-->[com.vanniktech:android-image-cropper:4.6.0] AndroidManifest.xml:32:13-64
242            android:exported="true" />
242-->[com.vanniktech:android-image-cropper:4.6.0] AndroidManifest.xml:33:13-36
243        <!--
244        This activity is an invisible delegate activity to start scanner activity
245        and receive result, so it's unnecessary to support screen orientation and
246        we can avoid any side effect from activity recreation in any case.
247        -->
248        <activity
248-->[com.google.android.gms:play-services-code-scanner:16.1.0] AndroidManifest.xml:15:9-20:20
249            android:name="com.google.mlkit.vision.codescanner.internal.GmsBarcodeScanningDelegateActivity"
249-->[com.google.android.gms:play-services-code-scanner:16.1.0] AndroidManifest.xml:16:13-107
250            android:exported="false"
250-->[com.google.android.gms:play-services-code-scanner:16.1.0] AndroidManifest.xml:17:13-37
251            android:screenOrientation="portrait" >
251-->[com.google.android.gms:play-services-code-scanner:16.1.0] AndroidManifest.xml:18:13-49
252        </activity>
253
254        <service
254-->[com.google.android.gms:play-services-mlkit-barcode-scanning:18.3.1] AndroidManifest.xml:9:9-15:19
255            android:name="com.google.mlkit.common.internal.MlKitComponentDiscoveryService"
255-->[com.google.android.gms:play-services-mlkit-barcode-scanning:18.3.1] AndroidManifest.xml:10:13-91
256            android:directBootAware="true"
256-->[com.google.mlkit:common:18.11.0] AndroidManifest.xml:17:13-43
257            android:exported="false" >
257-->[com.google.android.gms:play-services-mlkit-barcode-scanning:18.3.1] AndroidManifest.xml:11:13-37
258            <meta-data
258-->[com.google.android.gms:play-services-mlkit-barcode-scanning:18.3.1] AndroidManifest.xml:12:13-14:85
259                android:name="com.google.firebase.components:com.google.mlkit.vision.barcode.internal.BarcodeRegistrar"
259-->[com.google.android.gms:play-services-mlkit-barcode-scanning:18.3.1] AndroidManifest.xml:13:17-120
260                android:value="com.google.firebase.components.ComponentRegistrar" />
260-->[com.google.android.gms:play-services-mlkit-barcode-scanning:18.3.1] AndroidManifest.xml:14:17-82
261            <meta-data
261-->[com.google.mlkit:vision-common:17.3.0] AndroidManifest.xml:12:13-14:85
262                android:name="com.google.firebase.components:com.google.mlkit.vision.common.internal.VisionCommonRegistrar"
262-->[com.google.mlkit:vision-common:17.3.0] AndroidManifest.xml:13:17-124
263                android:value="com.google.firebase.components.ComponentRegistrar" />
263-->[com.google.mlkit:vision-common:17.3.0] AndroidManifest.xml:14:17-82
264            <meta-data
264-->[com.google.mlkit:common:18.11.0] AndroidManifest.xml:20:13-22:85
265                android:name="com.google.firebase.components:com.google.mlkit.common.internal.CommonComponentRegistrar"
265-->[com.google.mlkit:common:18.11.0] AndroidManifest.xml:21:17-120
266                android:value="com.google.firebase.components.ComponentRegistrar" />
266-->[com.google.mlkit:common:18.11.0] AndroidManifest.xml:22:17-82
267        </service>
268
269        <provider
269-->[com.google.mlkit:common:18.11.0] AndroidManifest.xml:9:9-13:38
270            android:name="com.google.mlkit.common.internal.MlKitInitProvider"
270-->[com.google.mlkit:common:18.11.0] AndroidManifest.xml:10:13-78
271            android:authorities="com.anonymous.Namzoed.mlkitinitprovider"
271-->[com.google.mlkit:common:18.11.0] AndroidManifest.xml:11:13-69
272            android:exported="false"
272-->[com.google.mlkit:common:18.11.0] AndroidManifest.xml:12:13-37
273            android:initOrder="99" />
273-->[com.google.mlkit:common:18.11.0] AndroidManifest.xml:13:13-35
274        <provider
274-->[host.exp.exponent:expo.modules.filesystem:19.0.17] AndroidManifest.xml:21:9-30:20
275            android:name="expo.modules.filesystem.FileSystemFileProvider"
275-->[host.exp.exponent:expo.modules.filesystem:19.0.17] AndroidManifest.xml:22:13-74
276            android:authorities="com.anonymous.Namzoed.FileSystemFileProvider"
276-->[host.exp.exponent:expo.modules.filesystem:19.0.17] AndroidManifest.xml:23:13-74
277            android:exported="false"
277-->[host.exp.exponent:expo.modules.filesystem:19.0.17] AndroidManifest.xml:24:13-37
278            android:grantUriPermissions="true" >
278-->[host.exp.exponent:expo.modules.filesystem:19.0.17] AndroidManifest.xml:25:13-47
279            <meta-data
279-->[:react-native-webview] AndroidManifest.xml:25:13-27:63
280                android:name="android.support.FILE_PROVIDER_PATHS"
280-->[:react-native-webview] AndroidManifest.xml:26:17-67
281                android:resource="@xml/file_system_provider_paths" />
281-->[:react-native-webview] AndroidManifest.xml:27:17-60
282        </provider>
283
284        <meta-data
284-->[com.github.bumptech.glide:okhttp3-integration:4.11.0] AndroidManifest.xml:11:9-13:43
285            android:name="com.bumptech.glide.integration.okhttp3.OkHttpGlideModule"
285-->[com.github.bumptech.glide:okhttp3-integration:4.11.0] AndroidManifest.xml:12:13-84
286            android:value="GlideModule" />
286-->[com.github.bumptech.glide:okhttp3-integration:4.11.0] AndroidManifest.xml:13:13-40
287
288        <service
288-->[host.exp.exponent:expo.modules.location:19.0.7] AndroidManifest.xml:11:9-14:56
289            android:name="expo.modules.location.services.LocationTaskService"
289-->[host.exp.exponent:expo.modules.location:19.0.7] AndroidManifest.xml:12:13-78
290            android:exported="false"
290-->[host.exp.exponent:expo.modules.location:19.0.7] AndroidManifest.xml:13:13-37
291            android:foregroundServiceType="location" />
291-->[host.exp.exponent:expo.modules.location:19.0.7] AndroidManifest.xml:14:13-53
292
293        <activity
293-->[com.google.android.gms:play-services-base:18.5.0] AndroidManifest.xml:5:9-173
294            android:name="com.google.android.gms.common.api.GoogleApiActivity"
294-->[com.google.android.gms:play-services-base:18.5.0] AndroidManifest.xml:5:19-85
295            android:exported="false"
295-->[com.google.android.gms:play-services-base:18.5.0] AndroidManifest.xml:5:146-170
296            android:theme="@android:style/Theme.Translucent.NoTitleBar" />
296-->[com.google.android.gms:play-services-base:18.5.0] AndroidManifest.xml:5:86-145
297